<?xml version="1.0" encoding="UTF-8"?>
<testsuite xmlns:xsi="http://www.w3.org/2001/XMLSchema-instance" xsi:noNamespaceSchemaLocation="https://maven.apache.org/surefire/maven-surefire-plugin/xsd/surefire-test-report-3.0.xsd" version="3.0" name="com.test.reservations_service.ReservationsServiceApplicationTests" time="0.067" tests="1" errors="0" skipped="0" failures="0">
  <properties>
[...]
</properties>
  <testcase name="contextLoads" classname="com.test.reservations_service.ReservationsServiceApplicationTests" time="0.023">
    <system-out><![CDATA[2024-06-28T01:03:42.548+02:00  INFO 97352 --- [reservations-service] [           main] t.c.s.AnnotationConfigContextLoaderUtils : Could not detect default configuration classes for test class [com.test.reservations_service.ReservationsServiceApplicationTests]: ReservationsServiceApplicationTests does not declare any static, non-private, non-final, nested classes annotated with @Configuration.
2024-06-28T01:03:42.576+02:00  INFO 97352 --- [reservations-service] [           main] .b.t.c.SpringBootTestContextBootstrapper : Found @SpringBootConfiguration com.test.reservations_service.ReservationsServiceApplication for test class com.test.reservations_service.ReservationsServiceApplicationTests
]]></system-out>
  </testcase>
</testsuite>